android/app/build/intermediates/manifest_merge_blame_file/debug/manifest-merger-blame-debug-report.txt
1<?xml version="1.0" encoding="utf-8"?>
2<manifest xmlns:android="http://schemas.android.com/apk/res/android"
3    package="com.songtrax_mobile"
4    android:versionCode="1"
5    android:versionName="1.0" >
6
7    <uses-sdk
8        android:minSdkVersion="21"
9        android:targetSdkVersion="33" />
10
11    <uses-permission android:name="android.permission.SYSTEM_ALERT_WINDOW" />
11-->src/debug/AndroidManifest.xml:5:5-77
11-->src/debug/AndroidManifest.xml:5:22-75
12    <uses-permission android:name="android.permission.ACCESS_FINE_LOCATION" />
12-->src/main/AndroidManifest.xml:2:3-76
12-->src/main/AndroidManifest.xml:2:20-74
13    <uses-permission android:name="android.permission.INTERNET" />
13-->src/main/AndroidManifest.xml:3:3-64
13-->src/main/AndroidManifest.xml:3:20-62
14    <uses-permission android:name="android.permission.RECORD_AUDIO" />
14-->src/main/AndroidManifest.xml:4:3-68
14-->src/main/AndroidManifest.xml:4:20-66
15    <uses-permission android:name="android.permission.ACCESS_WIFI_STATE" />
15-->[com.facebook.flipper:flipper:0.182.0] AndroidManifest.xml:16:5-76
15-->[com.facebook.flipper:flipper:0.182.0] AndroidManifest.xml:16:22-73
16    <uses-permission android:name="android.permission.WRITE_EXTERNAL_STORAGE" />
16-->[:react-native-fs] AndroidManifest.xml:7:5-81
16-->[:react-native-fs] AndroidManifest.xml:7:22-78
17    <uses-permission android:name="android.permission.READ_EXTERNAL_STORAGE" />
18
19    <queries>
19-->[:expo-file-system] AndroidManifest.xml:12:5-18:15
20
21        <!-- Query open documents -->
22        <intent>
22-->[:expo-file-system] AndroidManifest.xml:15:9-17:18
23            <action android:name="android.intent.action.OPEN_DOCUMENT_TREE" />
23-->[:expo-file-system] AndroidManifest.xml:16:13-79
23-->[:expo-file-system] AndroidManifest.xml:16:21-76
24        </intent>
25        <intent>
25-->[:expo-image-picker] AndroidManifest.xml:17:9-21:18
26
27            <!-- Required for picking images from the camera roll if targeting API 30 -->
28            <action android:name="android.media.action.IMAGE_CAPTURE" />
28-->[:expo-image-picker] AndroidManifest.xml:20:13-73
28-->[:expo-image-picker] AndroidManifest.xml:20:21-70
29        </intent>
30        <intent>
30-->[:expo-image-picker] AndroidManifest.xml:22:9-26:18
31
32            <!-- Required for picking images from the camera if targeting API 30 -->
33            <action android:name="android.media.action.ACTION_VIDEO_CAPTURE" />
33-->[:expo-image-picker] AndroidManifest.xml:25:13-80
33-->[:expo-image-picker] AndroidManifest.xml:25:21-77
34        </intent>
35        <intent>
35-->[com.github.CanHub:Android-Image-Cropper:4.3.1] AndroidManifest.xml:10:9-16:18
36            <action android:name="android.intent.action.GET_CONTENT" />
36-->[com.github.CanHub:Android-Image-Cropper:4.3.1] AndroidManifest.xml:11:13-72
36-->[com.github.CanHub:Android-Image-Cropper:4.3.1] AndroidManifest.xml:11:21-69
37
38            <category android:name="android.intent.category.OPENABLE" />
38-->[com.github.CanHub:Android-Image-Cropper:4.3.1] AndroidManifest.xml:13:13-73
38-->[com.github.CanHub:Android-Image-Cropper:4.3.1] AndroidManifest.xml:13:23-70
39
40            <data android:mimeType="*/*" />
40-->[com.github.CanHub:Android-Image-Cropper:4.3.1] AndroidManifest.xml:15:13-44
40-->[com.github.CanHub:Android-Image-Cropper:4.3.1] AndroidManifest.xml:15:19-41
41        </intent> <!-- Needs to be explicitly declared on Android R+ -->
42        <package android:name="com.google.android.apps.maps" />
42-->[com.google.android.gms:play-services-maps:18.0.2] AndroidManifest.xml:33:9-64
42-->[com.google.android.gms:play-services-maps:18.0.2] AndroidManifest.xml:33:18-61
43    </queries> <!-- Required for picking images from camera directly -->
44    <uses-permission android:name="android.permission.CAMERA" />
44-->[:expo-image-picker] AndroidManifest.xml:8:5-65
44-->[:expo-image-picker] AndroidManifest.xml:8:22-62
45    <uses-permission android:name="android.permission.READ_MEDIA_IMAGES" />
45-->[:expo-image-picker] AndroidManifest.xml:13:5-76
45-->[:expo-image-picker] AndroidManifest.xml:13:22-73
46    <uses-permission android:name="android.permission.READ_MEDIA_VIDEO" /> <!-- Include required permissions for Google Maps API to run. -->
46-->[:expo-image-picker] AndroidManifest.xml:14:5-75
46-->[:expo-image-picker] AndroidManifest.xml:14:22-72
47    <uses-permission android:name="android.permission.ACCESS_NETWORK_STATE" />
47-->[com.google.android.gms:play-services-maps:18.0.2] AndroidManifest.xml:23:5-79
47-->[com.google.android.gms:play-services-maps:18.0.2] AndroidManifest.xml:23:22-76
48
49    <uses-feature
49-->[com.google.android.gms:play-services-maps:18.0.2] AndroidManifest.xml:26:5-28:35
50        android:glEsVersion="0x00020000"
50-->[com.google.android.gms:play-services-maps:18.0.2] AndroidManifest.xml:27:9-41
51        android:required="true" />
51-->[com.google.android.gms:play-services-maps:18.0.2] AndroidManifest.xml:28:9-32
52
53    <uses-permission android:name="android.permission.WAKE_LOCK" />
53-->[androidx.work:work-runtime:2.7.1] AndroidManifest.xml:25:5-68
53-->[androidx.work:work-runtime:2.7.1] AndroidManifest.xml:25:22-65
54    <uses-permission android:name="android.permission.RECEIVE_BOOT_COMPLETED" />
54-->[androidx.work:work-runtime:2.7.1] AndroidManifest.xml:27:5-81
54-->[androidx.work:work-runtime:2.7.1] AndroidManifest.xml:27:22-78
55    <uses-permission android:name="android.permission.FOREGROUND_SERVICE" />
55-->[androidx.work:work-runtime:2.7.1] AndroidManifest.xml:28:5-77
55-->[androidx.work:work-runtime:2.7.1] AndroidManifest.xml:28:22-74
56
57    <permission
57-->[androidx.core:core:1.9.0] AndroidManifest.xml:22:5-24:47
58        android:name="com.songtrax_mobile.DYNAMIC_RECEIVER_NOT_EXPORTED_PERMISSION"
58-->[androidx.core:core:1.9.0] AndroidManifest.xml:23:9-81
59        android:protectionLevel="signature" />
59-->[androidx.core:core:1.9.0] AndroidManifest.xml:24:9-44
60
61    <uses-permission android:name="com.songtrax_mobile.DYNAMIC_RECEIVER_NOT_EXPORTED_PERMISSION" />
61-->[androidx.core:core:1.9.0] AndroidManifest.xml:26:5-97
61-->[androidx.core:core:1.9.0] AndroidManifest.xml:26:22-94
62    <uses-permission android:name="com.google.android.finsky.permission.BIND_GET_INSTALL_REFERRER_SERVICE" />
62-->[com.android.installreferrer:installreferrer:1.0] AndroidManifest.xml:9:5-110
62-->[com.android.installreferrer:installreferrer:1.0] AndroidManifest.xml:9:22-107
63
64    <application
64-->src/main/AndroidManifest.xml:5:3-13:17
65        android:name="com.songtrax_mobile.MainApplication"
65-->src/main/AndroidManifest.xml:5:16-47
66        android:allowBackup="false"
66-->src/main/AndroidManifest.xml:5:162-189
67        android:appComponentFactory="androidx.core.app.CoreComponentFactory"
67-->[androidx.core:core:1.9.0] AndroidManifest.xml:28:18-86
68        android:debuggable="true"
69        android:icon="@mipmap/ic_launcher"
69-->src/main/AndroidManifest.xml:5:81-115
70        android:label="@string/app_name"
70-->src/main/AndroidManifest.xml:5:48-80
71        android:roundIcon="@mipmap/ic_launcher_round"
71-->src/main/AndroidManifest.xml:5:116-161
72        android:theme="@style/AppTheme"
72-->src/main/AndroidManifest.xml:5:190-221
73        android:usesCleartextTraffic="true" >
73-->src/debug/AndroidManifest.xml:8:9-44
74        <activity
74-->src/debug/AndroidManifest.xml:11:9-111
75            android:name="com.facebook.react.devsupport.DevSettingsActivity"
75-->src/debug/AndroidManifest.xml:11:19-83
76            android:exported="false" />
76-->src/debug/AndroidManifest.xml:11:84-108
77
78        <meta-data
78-->src/main/AndroidManifest.xml:6:5-119
79            android:name="com.google.android.geo.API_KEY"
79-->src/main/AndroidManifest.xml:6:16-61
80            android:value="AIzaSyCbG1ecFjVgSBHlMKy7nLPBMDdRv9urSww" />
80-->src/main/AndroidManifest.xml:6:62-117
81
82        <activity
82-->src/main/AndroidManifest.xml:7:5-12:16
83            android:name="com.songtrax_mobile.MainActivity"
83-->src/main/AndroidManifest.xml:7:15-43
84            android:configChanges="keyboard|keyboardHidden|orientation|screenLayout|screenSize|smallestScreenSize|uiMode"
84-->src/main/AndroidManifest.xml:7:77-186
85            android:exported="true"
85-->src/main/AndroidManifest.xml:7:262-285
86            android:label="@string/app_name"
86-->src/main/AndroidManifest.xml:7:44-76
87            android:launchMode="singleTask"
87-->src/main/AndroidManifest.xml:7:187-218
88            android:windowSoftInputMode="adjustResize" >
88-->src/main/AndroidManifest.xml:7:219-261
89            <intent-filter>
89-->src/main/AndroidManifest.xml:8:7-11:23
90                <action android:name="android.intent.action.MAIN" />
90-->src/main/AndroidManifest.xml:9:9-60
90-->src/main/AndroidManifest.xml:9:17-58
91
92                <category android:name="android.intent.category.LAUNCHER" />
92-->src/main/AndroidManifest.xml:10:9-68
92-->src/main/AndroidManifest.xml:10:19-66
93            </intent-filter>
94        </activity>
95
96        <provider
96-->[:react-native-webview] AndroidManifest.xml:8:9-16:20
97            android:name="com.reactnativecommunity.webview.RNCWebViewFileProvider"
97-->[:react-native-webview] AndroidManifest.xml:9:13-83
98            android:authorities="com.songtrax_mobile.fileprovider"
98-->[:react-native-webview] AndroidManifest.xml:10:13-64
99            android:exported="false"
99-->[:react-native-webview] AndroidManifest.xml:11:13-37
100            android:grantUriPermissions="true" >
100-->[:react-native-webview] AndroidManifest.xml:12:13-47
101            <meta-data
101-->[:react-native-webview] AndroidManifest.xml:13:13-15:63
102                android:name="android.support.FILE_PROVIDER_PATHS"
102-->[:react-native-webview] AndroidManifest.xml:14:17-67
103                android:resource="@xml/file_provider_paths" />
103-->[:react-native-webview] AndroidManifest.xml:15:17-60
104        </provider>
105        <provider
105-->[:expo-file-system] AndroidManifest.xml:21:9-30:20
106            android:name="expo.modules.filesystem.FileSystemFileProvider"
106-->[:expo-file-system] AndroidManifest.xml:22:13-74
107            android:authorities="com.songtrax_mobile.FileSystemFileProvider"
107-->[:expo-file-system] AndroidManifest.xml:23:13-74
108            android:exported="false"
108-->[:expo-file-system] AndroidManifest.xml:24:13-37
109            android:grantUriPermissions="true" >
109-->[:expo-file-system] AndroidManifest.xml:25:13-47
110            <meta-data
110-->[:react-native-webview] AndroidManifest.xml:13:13-15:63
111                android:name="android.support.FILE_PROVIDER_PATHS"
111-->[:react-native-webview] AndroidManifest.xml:14:17-67
112                android:resource="@xml/file_system_provider_paths" />
112-->[:react-native-webview] AndroidManifest.xml:15:17-60
113        </provider>
114
115        <service
115-->[:expo-image-picker] AndroidManifest.xml:30:9-42:19
116            android:name="com.google.android.gms.metadata.ModuleDependencies"
116-->[:expo-image-picker] AndroidManifest.xml:31:13-78
117            android:enabled="false"
117-->[:expo-image-picker] AndroidManifest.xml:32:13-36
118            android:exported="false" >
118-->[:expo-image-picker] AndroidManifest.xml:33:13-37
119            <intent-filter>
119-->[:expo-image-picker] AndroidManifest.xml:35:13-37:29
120                <action android:name="com.google.android.gms.metadata.MODULE_DEPENDENCIES" />
120-->[:expo-image-picker] AndroidManifest.xml:36:17-94
120-->[:expo-image-picker] AndroidManifest.xml:36:25-91
121            </intent-filter>
122
123            <meta-data
123-->[:expo-image-picker] AndroidManifest.xml:39:13-41:36
124                android:name="photopicker_activity:0:required"
124-->[:expo-image-picker] AndroidManifest.xml:40:17-63
125                android:value="" />
125-->[:expo-image-picker] AndroidManifest.xml:41:17-33
126        </service>
127
128        <activity
128-->[:expo-image-picker] AndroidManifest.xml:44:9-46:59
129            android:name="com.canhub.cropper.CropImageActivity"
129-->[:expo-image-picker] AndroidManifest.xml:45:13-64
130            android:exported="true"
130-->[com.github.CanHub:Android-Image-Cropper:4.3.1] AndroidManifest.xml:35:13-36
131            android:theme="@style/Base.Theme.AppCompat" /> <!-- https://developer.android.com/guide/topics/manifest/provider-element.html -->
131-->[:expo-image-picker] AndroidManifest.xml:46:13-56
132        <provider
132-->[:expo-image-picker] AndroidManifest.xml:48:9-56:20
133            android:name="expo.modules.imagepicker.fileprovider.ImagePickerFileProvider"
133-->[:expo-image-picker] AndroidManifest.xml:49:13-89
134            android:authorities="com.songtrax_mobile.ImagePickerFileProvider"
134-->[:expo-image-picker] AndroidManifest.xml:50:13-75
135            android:exported="false"
135-->[:expo-image-picker] AndroidManifest.xml:51:13-37
136            android:grantUriPermissions="true" >
136-->[:expo-image-picker] AndroidManifest.xml:52:13-47
137            <meta-data
137-->[:react-native-webview] AndroidManifest.xml:13:13-15:63
138                android:name="android.support.FILE_PROVIDER_PATHS"
138-->[:react-native-webview] AndroidManifest.xml:14:17-67
139                android:resource="@xml/image_picker_provider_paths" />
139-->[:react-native-webview] AndroidManifest.xml:15:17-60
140        </provider>
141
142        <meta-data
142-->[:expo-modules-core] AndroidManifest.xml:9:9-11:89
143            android:name="org.unimodules.core.AppLoader#react-native-headless"
143-->[:expo-modules-core] AndroidManifest.xml:10:13-79
144            android:value="expo.modules.adapters.react.apploader.RNHeadlessAppLoader" />
144-->[:expo-modules-core] AndroidManifest.xml:11:13-86
145        <meta-data
145-->[:expo-modules-core] AndroidManifest.xml:12:9-15:45
146            android:name="com.facebook.soloader.enabled"
146-->[:expo-modules-core] AndroidManifest.xml:13:13-57
147            android:value="true" />
147-->[:expo-modules-core] AndroidManifest.xml:14:13-33
148
149        <provider
149-->[com.github.CanHub:Android-Image-Cropper:4.3.1] AndroidManifest.xml:23:9-31:20
150            android:name="com.canhub.cropper.CropFileProvider"
150-->[com.github.CanHub:Android-Image-Cropper:4.3.1] AndroidManifest.xml:24:13-63
151            android:authorities="com.songtrax_mobile.cropper.fileprovider"
151-->[com.github.CanHub:Android-Image-Cropper:4.3.1] AndroidManifest.xml:25:13-72
152            android:exported="false"
152-->[com.github.CanHub:Android-Image-Cropper:4.3.1] AndroidManifest.xml:26:13-37
153            android:grantUriPermissions="true" >
153-->[com.github.CanHub:Android-Image-Cropper:4.3.1] AndroidManifest.xml:27:13-47
154            <meta-data
154-->[:react-native-webview] AndroidManifest.xml:13:13-15:63
155                android:name="android.support.FILE_PROVIDER_PATHS"
155-->[:react-native-webview] AndroidManifest.xml:14:17-67
156                android:resource="@xml/library_file_paths" />
156-->[:react-native-webview] AndroidManifest.xml:15:17-60
157        </provider> <!-- Needs to be explicitly declared on P+ -->
158        <uses-library
158-->[com.google.android.gms:play-services-maps:18.0.2] AndroidManifest.xml:39:9-41:40
159            android:name="org.apache.http.legacy"
159-->[com.google.android.gms:play-services-maps:18.0.2] AndroidManifest.xml:40:13-50
160            android:required="false" />
160-->[com.google.android.gms:play-services-maps:18.0.2] AndroidManifest.xml:41:13-37
161
162        <activity
162-->[com.google.android.gms:play-services-base:18.1.0] AndroidManifest.xml:20:9-22:45
163            android:name="com.google.android.gms.common.api.GoogleApiActivity"
163-->[com.google.android.gms:play-services-base:18.1.0] AndroidManifest.xml:20:19-85
164            android:exported="false"
164-->[com.google.android.gms:play-services-base:18.1.0] AndroidManifest.xml:22:19-43
165            android:theme="@android:style/Theme.Translucent.NoTitleBar" />
165-->[com.google.android.gms:play-services-base:18.1.0] AndroidManifest.xml:21:19-78
166
167        <meta-data
167-->[com.google.android.gms:play-services-basement:18.1.0] AndroidManifest.xml:21:9-23:69
168            android:name="com.google.android.gms.version"
168-->[com.google.android.gms:play-services-basement:18.1.0] AndroidManifest.xml:22:13-58
169            android:value="@integer/google_play_services_version" />
169-->[com.google.android.gms:play-services-basement:18.1.0] AndroidManifest.xml:23:13-66
170
171        <provider
171-->[androidx.work:work-runtime:2.7.1] AndroidManifest.xml:31:9-39:20
172            android:name="androidx.startup.InitializationProvider"
172-->[androidx.work:work-runtime:2.7.1] AndroidManifest.xml:32:13-67
173            android:authorities="com.songtrax_mobile.androidx-startup"
173-->[androidx.work:work-runtime:2.7.1] AndroidManifest.xml:33:13-68
174            android:exported="false" >
174-->[androidx.work:work-runtime:2.7.1] AndroidManifest.xml:34:13-37
175            <meta-data
175-->[androidx.work:work-runtime:2.7.1] AndroidManifest.xml:36:13-38:52
176                android:name="androidx.work.WorkManagerInitializer"
176-->[androidx.work:work-runtime:2.7.1] AndroidManifest.xml:37:17-68
177                android:value="androidx.startup" />
177-->[androidx.work:work-runtime:2.7.1] AndroidManifest.xml:38:17-49
178            <meta-data
178-->[androidx.emoji2:emoji2:1.2.0] AndroidManifest.xml:29:13-31:52
179                android:name="androidx.emoji2.text.EmojiCompatInitializer"
179-->[androidx.emoji2:emoji2:1.2.0] AndroidManifest.xml:30:17-75
180                android:value="androidx.startup" />
180-->[androidx.emoji2:emoji2:1.2.0] AndroidManifest.xml:31:17-49
181            <meta-data
181-->[androidx.lifecycle:lifecycle-process:2.6.1] AndroidManifest.xml:29:13-31:52
182                android:name="androidx.lifecycle.ProcessLifecycleInitializer"
182-->[androidx.lifecycle:lifecycle-process:2.6.1] AndroidManifest.xml:30:17-78
183                android:value="androidx.startup" />
183-->[androidx.lifecycle:lifecycle-process:2.6.1] AndroidManifest.xml:31:17-49
184            <meta-data
184-->[androidx.profileinstaller:profileinstaller:1.3.0] AndroidManifest.xml:29:13-31:52
185                android:name="androidx.profileinstaller.ProfileInstallerInitializer"
185-->[androidx.profileinstaller:profileinstaller:1.3.0] AndroidManifest.xml:30:17-85
186                android:value="androidx.startup" />
186-->[androidx.profileinstaller:profileinstaller:1.3.0] AndroidManifest.xml:31:17-49
187        </provider>
188
189        <service
189-->[androidx.work:work-runtime:2.7.1] AndroidManifest.xml:41:9-46:35
190            android:name="androidx.work.impl.background.systemalarm.SystemAlarmService"
190-->[androidx.work:work-runtime:2.7.1] AndroidManifest.xml:42:13-88
191            android:directBootAware="false"
191-->[androidx.work:work-runtime:2.7.1] AndroidManifest.xml:43:13-44
192            android:enabled="@bool/enable_system_alarm_service_default"
192-->[androidx.work:work-runtime:2.7.1] AndroidManifest.xml:44:13-72
193            android:exported="false" />
193-->[androidx.work:work-runtime:2.7.1] AndroidManifest.xml:45:13-37
194        <service
194-->[androidx.work:work-runtime:2.7.1] AndroidManifest.xml:47:9-53:35
195            android:name="androidx.work.impl.background.systemjob.SystemJobService"
195-->[androidx.work:work-runtime:2.7.1] AndroidManifest.xml:48:13-84
196            android:directBootAware="false"
196-->[androidx.work:work-runtime:2.7.1] AndroidManifest.xml:49:13-44
197            android:enabled="@bool/enable_system_job_service_default"
197-->[androidx.work:work-runtime:2.7.1] AndroidManifest.xml:50:13-70
198            android:exported="true"
198-->[androidx.work:work-runtime:2.7.1] AndroidManifest.xml:51:13-36
199            android:permission="android.permission.BIND_JOB_SERVICE" />
199-->[androidx.work:work-runtime:2.7.1] AndroidManifest.xml:52:13-69
200        <service
200-->[androidx.work:work-runtime:2.7.1] AndroidManifest.xml:54:9-59:35
201            android:name="androidx.work.impl.foreground.SystemForegroundService"
201-->[androidx.work:work-runtime:2.7.1] AndroidManifest.xml:55:13-81
202            android:directBootAware="false"
202-->[androidx.work:work-runtime:2.7.1] AndroidManifest.xml:56:13-44
203            android:enabled="@bool/enable_system_foreground_service_default"
203-->[androidx.work:work-runtime:2.7.1] AndroidManifest.xml:57:13-77
204            android:exported="false" />
204-->[androidx.work:work-runtime:2.7.1] AndroidManifest.xml:58:13-37
205
206        <receiver
206-->[androidx.work:work-runtime:2.7.1] AndroidManifest.xml:61:9-66:35
207            android:name="androidx.work.impl.utils.ForceStopRunnable$BroadcastReceiver"
207-->[androidx.work:work-runtime:2.7.1] AndroidManifest.xml:62:13-88
208            android:directBootAware="false"
208-->[androidx.work:work-runtime:2.7.1] AndroidManifest.xml:63:13-44
209            android:enabled="true"
209-->[androidx.work:work-runtime:2.7.1] AndroidManifest.xml:64:13-35
210            android:exported="false" />
210-->[androidx.work:work-runtime:2.7.1] AndroidManifest.xml:65:13-37
211        <receiver
211-->[androidx.work:work-runtime:2.7.1] AndroidManifest.xml:67:9-77:20
212            android:name="androidx.work.impl.background.systemalarm.ConstraintProxy$BatteryChargingProxy"
212-->[androidx.work:work-runtime:2.7.1] AndroidManifest.xml:68:13-106
213            android:directBootAware="false"
213-->[androidx.work:work-runtime:2.7.1] AndroidManifest.xml:69:13-44
214            android:enabled="false"
214-->[androidx.work:work-runtime:2.7.1] AndroidManifest.xml:70:13-36
215            android:exported="false" >
215-->[androidx.work:work-runtime:2.7.1] AndroidManifest.xml:71:13-37
216            <intent-filter>
216-->[androidx.work:work-runtime:2.7.1] AndroidManifest.xml:73:13-76:29
217                <action android:name="android.intent.action.ACTION_POWER_CONNECTED" />
217-->[androidx.work:work-runtime:2.7.1] AndroidManifest.xml:74:17-87
217-->[androidx.work:work-runtime:2.7.1] AndroidManifest.xml:74:25-84
218                <action android:name="android.intent.action.ACTION_POWER_DISCONNECTED" />
218-->[androidx.work:work-runtime:2.7.1] AndroidManifest.xml:75:17-90
218-->[androidx.work:work-runtime:2.7.1] AndroidManifest.xml:75:25-87
219            </intent-filter>
220        </receiver>
221        <receiver
221-->[androidx.work:work-runtime:2.7.1] AndroidManifest.xml:78:9-88:20
222            android:name="androidx.work.impl.background.systemalarm.ConstraintProxy$BatteryNotLowProxy"
222-->[androidx.work:work-runtime:2.7.1] AndroidManifest.xml:79:13-104
223            android:directBootAware="false"
223-->[androidx.work:work-runtime:2.7.1] AndroidManifest.xml:80:13-44
224            android:enabled="false"
224-->[androidx.work:work-runtime:2.7.1] AndroidManifest.xml:81:13-36
225            android:exported="false" >
225-->[androidx.work:work-runtime:2.7.1] AndroidManifest.xml:82:13-37
226            <intent-filter>
226-->[androidx.work:work-runtime:2.7.1] AndroidManifest.xml:84:13-87:29
227                <action android:name="android.intent.action.BATTERY_OKAY" />
227-->[androidx.work:work-runtime:2.7.1] AndroidManifest.xml:85:17-77
227-->[androidx.work:work-runtime:2.7.1] AndroidManifest.xml:85:25-74
228                <action android:name="android.intent.action.BATTERY_LOW" />
228-->[androidx.work:work-runtime:2.7.1] AndroidManifest.xml:86:17-76
228-->[androidx.work:work-runtime:2.7.1] AndroidManifest.xml:86:25-73
229            </intent-filter>
230        </receiver>
231        <receiver
231-->[androidx.work:work-runtime:2.7.1] AndroidManifest.xml:89:9-99:20
232            android:name="androidx.work.impl.background.systemalarm.ConstraintProxy$StorageNotLowProxy"
232-->[androidx.work:work-runtime:2.7.1] AndroidManifest.xml:90:13-104
233            android:directBootAware="false"
233-->[androidx.work:work-runtime:2.7.1] AndroidManifest.xml:91:13-44
234            android:enabled="false"
234-->[androidx.work:work-runtime:2.7.1] AndroidManifest.xml:92:13-36
235            android:exported="false" >
235-->[androidx.work:work-runtime:2.7.1] AndroidManifest.xml:93:13-37
236            <intent-filter>
236-->[androidx.work:work-runtime:2.7.1] AndroidManifest.xml:95:13-98:29
237                <action android:name="android.intent.action.DEVICE_STORAGE_LOW" />
237-->[androidx.work:work-runtime:2.7.1] AndroidManifest.xml:96:17-83
237-->[androidx.work:work-runtime:2.7.1] AndroidManifest.xml:96:25-80
238                <action android:name="android.intent.action.DEVICE_STORAGE_OK" />
238-->[androidx.work:work-runtime:2.7.1] AndroidManifest.xml:97:17-82
238-->[androidx.work:work-runtime:2.7.1] AndroidManifest.xml:97:25-79
239            </intent-filter>
240        </receiver>
241        <receiver
241-->[androidx.work:work-runtime:2.7.1] AndroidManifest.xml:100:9-109:20
242            android:name="androidx.work.impl.background.systemalarm.ConstraintProxy$NetworkStateProxy"
242-->[androidx.work:work-runtime:2.7.1] AndroidManifest.xml:101:13-103
243            android:directBootAware="false"
243-->[androidx.work:work-runtime:2.7.1] AndroidManifest.xml:102:13-44
244            android:enabled="false"
244-->[androidx.work:work-runtime:2.7.1] AndroidManifest.xml:103:13-36
245            android:exported="false" >
245-->[androidx.work:work-runtime:2.7.1] AndroidManifest.xml:104:13-37
246            <intent-filter>
246-->[androidx.work:work-runtime:2.7.1] AndroidManifest.xml:106:13-108:29
247                <action android:name="android.net.conn.CONNECTIVITY_CHANGE" />
247-->[androidx.work:work-runtime:2.7.1] AndroidManifest.xml:107:17-79
247-->[androidx.work:work-runtime:2.7.1] AndroidManifest.xml:107:25-76
248            </intent-filter>
249        </receiver>
250        <receiver
250-->[androidx.work:work-runtime:2.7.1] AndroidManifest.xml:110:9-121:20
251            android:name="androidx.work.impl.background.systemalarm.RescheduleReceiver"
251-->[androidx.work:work-runtime:2.7.1] AndroidManifest.xml:111:13-88
252            android:directBootAware="false"
252-->[androidx.work:work-runtime:2.7.1] AndroidManifest.xml:112:13-44
253            android:enabled="false"
253-->[androidx.work:work-runtime:2.7.1] AndroidManifest.xml:113:13-36
254            android:exported="false" >
254-->[androidx.work:work-runtime:2.7.1] AndroidManifest.xml:114:13-37
255            <intent-filter>
255-->[androidx.work:work-runtime:2.7.1] AndroidManifest.xml:116:13-120:29
256                <action android:name="android.intent.action.BOOT_COMPLETED" />
256-->[androidx.work:work-runtime:2.7.1] AndroidManifest.xml:117:17-79
256-->[androidx.work:work-runtime:2.7.1] AndroidManifest.xml:117:25-76
257                <action android:name="android.intent.action.TIME_SET" />
257-->[androidx.work:work-runtime:2.7.1] AndroidManifest.xml:118:17-73
257-->[androidx.work:work-runtime:2.7.1] AndroidManifest.xml:118:25-70
258                <action android:name="android.intent.action.TIMEZONE_CHANGED" />
258-->[androidx.work:work-runtime:2.7.1] AndroidManifest.xml:119:17-81
258-->[androidx.work:work-runtime:2.7.1] AndroidManifest.xml:119:25-78
259            </intent-filter>
260        </receiver>
261        <receiver
261-->[androidx.work:work-runtime:2.7.1] AndroidManifest.xml:122:9-131:20
262            android:name="androidx.work.impl.background.systemalarm.ConstraintProxyUpdateReceiver"
262-->[androidx.work:work-runtime:2.7.1] AndroidManifest.xml:123:13-99
263            android:directBootAware="false"
263-->[androidx.work:work-runtime:2.7.1] AndroidManifest.xml:124:13-44
264            android:enabled="@bool/enable_system_alarm_service_default"
264-->[androidx.work:work-runtime:2.7.1] AndroidManifest.xml:125:13-72
265            android:exported="false" >
265-->[androidx.work:work-runtime:2.7.1] AndroidManifest.xml:126:13-37
266            <intent-filter>
266-->[androidx.work:work-runtime:2.7.1] AndroidManifest.xml:128:13-130:29
267                <action android:name="androidx.work.impl.background.systemalarm.UpdateProxies" />
267-->[androidx.work:work-runtime:2.7.1] AndroidManifest.xml:129:17-98
267-->[androidx.work:work-runtime:2.7.1] AndroidManifest.xml:129:25-95
268            </intent-filter>
269        </receiver>
270        <receiver
270-->[androidx.work:work-runtime:2.7.1] AndroidManifest.xml:132:9-142:20
271            android:name="androidx.work.impl.diagnostics.DiagnosticsReceiver"
271-->[androidx.work:work-runtime:2.7.1] AndroidManifest.xml:133:13-78
272            android:directBootAware="false"
272-->[androidx.work:work-runtime:2.7.1] AndroidManifest.xml:134:13-44
273            android:enabled="true"
273-->[androidx.work:work-runtime:2.7.1] AndroidManifest.xml:135:13-35
274            android:exported="true"
274-->[androidx.work:work-runtime:2.7.1] AndroidManifest.xml:136:13-36
275            android:permission="android.permission.DUMP" >
275-->[androidx.work:work-runtime:2.7.1] AndroidManifest.xml:137:13-57
276            <intent-filter>
276-->[androidx.work:work-runtime:2.7.1] AndroidManifest.xml:139:13-141:29
277                <action android:name="androidx.work.diagnostics.REQUEST_DIAGNOSTICS" />
277-->[androidx.work:work-runtime:2.7.1] AndroidManifest.xml:140:17-88
277-->[androidx.work:work-runtime:2.7.1] AndroidManifest.xml:140:25-85
278            </intent-filter>
279        </receiver>
280
281        <service
281-->[androidx.room:room-runtime:2.2.5] AndroidManifest.xml:25:9-28:40
282            android:name="androidx.room.MultiInstanceInvalidationService"
282-->[androidx.room:room-runtime:2.2.5] AndroidManifest.xml:26:13-74
283            android:directBootAware="true"
283-->[androidx.room:room-runtime:2.2.5] AndroidManifest.xml:27:13-43
284            android:exported="false" />
284-->[androidx.room:room-runtime:2.2.5] AndroidManifest.xml:28:13-37
285